[ 2017-09-27T17:37:53+08:00 ] 127.0.0.1 /
INFO: [ app_init ] --START--
INFO: Run Behavior\BuildLiteBehavior [ RunTime:0.000008s ]
INFO: [ app_init ] --END-- [ RunTime:0.000545s ]
INFO: [ app_begin ] --START--
INFO: Run Behavior\ReadHtmlCacheBehavior [ RunTime:0.001086s ]
INFO: [ app_begin ] --END-- [ RunTime:0.001116s ]
NOTIC: [8] Undefined index: AdminUserInfo C:\code\Apache24\docs\dataex\Application\Admin\Controller\AdminUserController.class.php 第 35 行.
INFO: [ view_parse ] --START--
INFO: [ template_filter ] --START--
INFO: Run Behavior\ContentReplaceBehavior [ RunTime:0.000023s ]
INFO: [ template_filter ] --END-- [ RunTime:0.000057s ]
INFO: Run Behavior\ParseTemplateBehavior [ RunTime:0.007377s ]
INFO: [ view_parse ] --END-- [ RunTime:0.007430s ]
INFO: [ view_filter ] --START--
INFO: Run Behavior\WriteHtmlCacheBehavior [ RunTime:0.001106s ]
INFO: [ view_filter ] --END-- [ RunTime:0.001140s ]

[ 2017-09-27T17:37:53+08:00 ] 127.0.0.1 /Admin/index/login.html
INFO: [ app_init ] --START--
INFO: Run Behavior\BuildLiteBehavior [ RunTime:0.000008s ]
INFO: [ app_init ] --END-- [ RunTime:0.000302s ]
INFO: [ app_begin ] --START--
INFO: Run Behavior\ReadHtmlCacheBehavior [ RunTime:0.000419s ]
INFO: [ app_begin ] --END-- [ RunTime:0.000442s ]
INFO: [ view_parse ] --START--
INFO: [ template_filter ] --START--
INFO: Run Behavior\ContentReplaceBehavior [ RunTime:0.000043s ]
INFO: [ template_filter ] --END-- [ RunTime:0.000089s ]
INFO: Run Behavior\ParseTemplateBehavior [ RunTime:0.008071s ]
INFO: [ view_parse ] --END-- [ RunTime:0.008112s ]
INFO: [ view_filter ] --START--
INFO: Run Behavior\WriteHtmlCacheBehavior [ RunTime:0.000376s ]
INFO: [ view_filter ] --END-- [ RunTime:0.000410s ]
INFO: [ app_end ] --START--
INFO: Run Behavior\ShowPageTraceBehavior [ RunTime:0.001254s ]
INFO: [ app_end ] --END-- [ RunTime:0.001304s ]

[ 2017-09-27T17:37:53+08:00 ] 127.0.0.1 /Admin/index/getVerify.html
INFO: [ app_init ] --START--
INFO: Run Behavior\BuildLiteBehavior [ RunTime:0.000008s ]
INFO: [ app_init ] --END-- [ RunTime:0.000292s ]
INFO: [ app_begin ] --START--
INFO: Run Behavior\ReadHtmlCacheBehavior [ RunTime:0.000515s ]
INFO: [ app_begin ] --END-- [ RunTime:0.000547s ]
INFO: [ app_end ] --START--
INFO: Run Behavior\ShowPageTraceBehavior [ RunTime:0.000831s ]
INFO: [ app_end ] --END-- [ RunTime:0.000890s ]

[ 2017-09-27T17:37:59+08:00 ] 127.0.0.1 /Admin/AdminUser/login
INFO: [ app_init ] --START--
INFO: Run Behavior\BuildLiteBehavior [ RunTime:0.000007s ]
INFO: [ app_init ] --END-- [ RunTime:0.000348s ]
INFO: [ app_begin ] --START--
INFO: Run Behavior\ReadHtmlCacheBehavior [ RunTime:0.000822s ]
INFO: [ app_begin ] --END-- [ RunTime:0.000859s ]
ERR: SQLSTATE[HY000] [1045] Access denied for user 'root'@'localhost' (using password: YES)

[ 2017-09-27T17:38:09+08:00 ] 127.0.0.1 /Admin/AdminUser/login
INFO: [ app_init ] --START--
INFO: Run Behavior\BuildLiteBehavior [ RunTime:0.000009s ]
INFO: [ app_init ] --END-- [ RunTime:0.000432s ]
INFO: [ app_begin ] --START--
INFO: Run Behavior\ReadHtmlCacheBehavior [ RunTime:0.000791s ]
INFO: [ app_begin ] --END-- [ RunTime:0.000832s ]
INFO: [ app_end ] --START--
INFO: Run Behavior\ShowPageTraceBehavior [ RunTime:0.000619s ]
INFO: [ app_end ] --END-- [ RunTime:0.000658s ]

[ 2017-09-27T17:38:09+08:00 ] 127.0.0.1 /Admin/index/getVerify/0.002420087149122674
INFO: [ app_init ] --START--
INFO: Run Behavior\BuildLiteBehavior [ RunTime:0.000014s ]
INFO: [ app_init ] --END-- [ RunTime:0.000478s ]
INFO: [ app_begin ] --START--
INFO: Run Behavior\ReadHtmlCacheBehavior [ RunTime:0.000440s ]
INFO: [ app_begin ] --END-- [ RunTime:0.000470s ]
INFO: [ app_end ] --START--
INFO: Run Behavior\ShowPageTraceBehavior [ RunTime:0.000769s ]
INFO: [ app_end ] --END-- [ RunTime:0.000818s ]

[ 2017-09-27T17:38:13+08:00 ] 127.0.0.1 /Admin/AdminUser/login
INFO: [ app_init ] --START--
INFO: Run Behavior\BuildLiteBehavior [ RunTime:0.000010s ]
INFO: [ app_init ] --END-- [ RunTime:0.000381s ]
INFO: [ app_begin ] --START--
INFO: Run Behavior\ReadHtmlCacheBehavior [ RunTime:0.000550s ]
INFO: [ app_begin ] --END-- [ RunTime:0.000596s ]
INFO: [ app_end ] --START--
INFO: Run Behavior\ShowPageTraceBehavior [ RunTime:0.000632s ]
INFO: [ app_end ] --END-- [ RunTime:0.000670s ]

[ 2017-09-27T17:38:14+08:00 ] 127.0.0.1 /Admin/index/getVerify/0.7699994059773281
INFO: [ app_init ] --START--
INFO: Run Behavior\BuildLiteBehavior [ RunTime:0.000012s ]
INFO: [ app_init ] --END-- [ RunTime:0.000451s ]
INFO: [ app_begin ] --START--
INFO: Run Behavior\ReadHtmlCacheBehavior [ RunTime:0.000762s ]
INFO: [ app_begin ] --END-- [ RunTime:0.000828s ]
INFO: [ app_end ] --START--
INFO: Run Behavior\ShowPageTraceBehavior [ RunTime:0.000913s ]
INFO: [ app_end ] --END-- [ RunTime:0.000979s ]

[ 2017-09-27T17:38:18+08:00 ] 127.0.0.1 /Admin/AdminUser/login
INFO: [ app_init ] --START--
INFO: Run Behavior\BuildLiteBehavior [ RunTime:0.000007s ]
INFO: [ app_init ] --END-- [ RunTime:0.000274s ]
INFO: [ app_begin ] --START--
INFO: Run Behavior\ReadHtmlCacheBehavior [ RunTime:0.000381s ]
INFO: [ app_begin ] --END-- [ RunTime:0.000402s ]
ERR: SQLSTATE[HY000] [1045] Access denied for user 'root'@'localhost' (using password: YES)

[ 2017-09-27T17:38:53+08:00 ] 127.0.0.1 /Admin/index/getVerify/0.5739616985861646
INFO: [ app_init ] --START--
INFO: Run Behavior\BuildLiteBehavior [ RunTime:0.000069s ]
INFO: [ app_init ] --END-- [ RunTime:0.002401s ]
INFO: [ app_begin ] --START--
INFO: Run Behavior\ReadHtmlCacheBehavior [ RunTime:0.000786s ]
INFO: [ app_begin ] --END-- [ RunTime:0.000848s ]
INFO: [ app_end ] --START--
INFO: Run Behavior\ShowPageTraceBehavior [ RunTime:0.000752s ]
INFO: [ app_end ] --END-- [ RunTime:0.000808s ]

[ 2017-09-27T17:38:55+08:00 ] 127.0.0.1 /Admin/AdminUser/login
INFO: [ app_init ] --START--
INFO: Run Behavior\BuildLiteBehavior [ RunTime:0.000013s ]
INFO: [ app_init ] --END-- [ RunTime:0.000519s ]
INFO: [ app_begin ] --START--
INFO: Run Behavior\ReadHtmlCacheBehavior [ RunTime:0.000727s ]
INFO: [ app_begin ] --END-- [ RunTime:0.000773s ]
SQL: SHOW COLUMNS FROM `yxblog_admin_user` [ RunTime:0.0012s ]
SQL: SELECT `id`,`user`,`pwd`,`user_name`,`exa_juris` FROM `yxblog_admin_user` WHERE `user` = 'admin' AND `pwd` = '3e7ef2d52d4916ea428fd42daebd4a16' LIMIT 1   [ RunTime:0.0004s ]
SQL: SHOW COLUMNS FROM `yxblog_admin_user_record` [ RunTime:0.0031s ]
SQL: UPDATE `yxblog_admin_user_record` SET `session`='4anhiqfqq962ddr3mrhksc4n7j' WHERE `uid` = 1 [ RunTime:0.0030s ]
INFO: [ app_end ] --START--
INFO: Run Behavior\ShowPageTraceBehavior [ RunTime:0.000571s ]
INFO: [ app_end ] --END-- [ RunTime:0.000606s ]

[ 2017-09-27T17:38:55+08:00 ] 127.0.0.1 /Admin/index/index
INFO: [ app_init ] --START--
INFO: Run Behavior\BuildLiteBehavior [ RunTime:0.000013s ]
INFO: [ app_init ] --END-- [ RunTime:0.000452s ]
INFO: [ app_begin ] --START--
INFO: Run Behavior\ReadHtmlCacheBehavior [ RunTime:0.000703s ]
INFO: [ app_begin ] --END-- [ RunTime:0.000763s ]
SQL: SHOW COLUMNS FROM `yxblog_admin_user_record` [ RunTime:0.0010s ]
SQL: SELECT `session` FROM `yxblog_admin_user_record` WHERE `uid` = 1 LIMIT 1   [ RunTime:0.0003s ]
SQL: SELECT `session` FROM `yxblog_admin_user_record` WHERE `uid` = 1 LIMIT 1   [ RunTime:0.0004s ]
SQL: SHOW COLUMNS FROM `yxblog_admin_menu` [ RunTime:0.0012s ]
SQL: SELECT * FROM `yxblog_admin_menu` WHERE ( pid=0 )  [ RunTime:0.0007s ]
SQL: SELECT * FROM `yxblog_admin_menu` WHERE ( pid=1 )  [ RunTime:0.0004s ]
SQL: SELECT * FROM `yxblog_admin_menu` WHERE ( pid=2 )  [ RunTime:0.0003s ]
SQL: SELECT * FROM `yxblog_admin_menu` WHERE ( pid=3 )  [ RunTime:0.0003s ]
SQL: SELECT * FROM `yxblog_admin_menu` WHERE ( pid=12 )  [ RunTime:0.0002s ]
SQL: SELECT * FROM `yxblog_admin_menu` WHERE ( pid=13 )  [ RunTime:0.0003s ]
SQL: SELECT * FROM `yxblog_admin_menu` WHERE ( pid=14 )  [ RunTime:0.0003s ]
SQL: SELECT * FROM `yxblog_admin_menu` WHERE ( pid=19 )  [ RunTime:0.0007s ]
SQL: SELECT * FROM `yxblog_admin_menu` WHERE ( pid=20 )  [ RunTime:0.0004s ]
SQL: SELECT * FROM `yxblog_admin_menu` WHERE ( pid=22 )  [ RunTime:0.0005s ]
SQL: SELECT * FROM `yxblog_admin_menu` WHERE ( pid=33 )  [ RunTime:0.0016s ]
SQL: SELECT * FROM `yxblog_admin_menu` WHERE ( pid=28 )  [ RunTime:0.0004s ]
SQL: SELECT * FROM `yxblog_admin_menu` WHERE ( pid=29 )  [ RunTime:0.0003s ]
SQL: SELECT * FROM `yxblog_admin_menu` WHERE ( pid=32 )  [ RunTime:0.0004s ]
SQL: SELECT * FROM `yxblog_admin_menu` WHERE ( pid=34 )  [ RunTime:0.0004s ]
SQL: SELECT * FROM `yxblog_admin_menu` WHERE ( pid=35 )  [ RunTime:0.0004s ]
SQL: SELECT * FROM `yxblog_admin_menu` WHERE ( pid=40 )  [ RunTime:0.0003s ]
SQL: SELECT * FROM `yxblog_admin_menu` WHERE ( pid=41 )  [ RunTime:0.0003s ]
SQL: SELECT * FROM `yxblog_admin_menu` WHERE ( pid=42 )  [ RunTime:0.0002s ]
SQL: SELECT * FROM `yxblog_admin_menu` WHERE ( pid=43 )  [ RunTime:0.0003s ]
SQL: SELECT * FROM `yxblog_admin_menu` WHERE ( pid=44 )  [ RunTime:0.0003s ]
SQL: SELECT * FROM `yxblog_admin_menu` WHERE ( pid=45 )  [ RunTime:0.0002s ]
INFO: [ view_parse ] --START--
INFO: [ template_filter ] --START--
INFO: Run Behavior\ContentReplaceBehavior [ RunTime:0.000074s ]
INFO: [ template_filter ] --END-- [ RunTime:0.000105s ]
INFO: Run Behavior\ParseTemplateBehavior [ RunTime:0.015300s ]
INFO: [ view_parse ] --END-- [ RunTime:0.015354s ]
INFO: [ view_filter ] --START--
INFO: Run Behavior\WriteHtmlCacheBehavior [ RunTime:0.000479s ]
INFO: [ view_filter ] --END-- [ RunTime:0.000506s ]
INFO: [ app_end ] --START--
INFO: Run Behavior\ShowPageTraceBehavior [ RunTime:0.000697s ]
INFO: [ app_end ] --END-- [ RunTime:0.000741s ]

[ 2017-09-27T17:38:56+08:00 ] 127.0.0.1 /Admin/index/main
INFO: [ app_init ] --START--
INFO: Run Behavior\BuildLiteBehavior [ RunTime:0.000014s ]
INFO: [ app_init ] --END-- [ RunTime:0.000602s ]
INFO: [ app_begin ] --START--
INFO: Run Behavior\ReadHtmlCacheBehavior [ RunTime:0.000974s ]
INFO: [ app_begin ] --END-- [ RunTime:0.001017s ]
SQL: SHOW COLUMNS FROM `yxblog_admin_user_record` [ RunTime:0.0010s ]
SQL: SELECT `session` FROM `yxblog_admin_user_record` WHERE `uid` = 1 LIMIT 1   [ RunTime:0.0003s ]
INFO: [ view_parse ] --START--
INFO: [ template_filter ] --START--
INFO: Run Behavior\ContentReplaceBehavior [ RunTime:0.000124s ]
INFO: [ template_filter ] --END-- [ RunTime:0.000170s ]
NOTIC: [8] Undefined index: SYSTEMROOT C:\code\Apache24\docs\dataex\Application\Runtime\Cache\Admin\65a1f94348fbcf8ea0b7b04e37c32a89.php 第 110 行.
NOTIC: [8] Undefined index: PHP_FCGI_MAX_REQUESTS C:\code\Apache24\docs\dataex\Application\Runtime\Cache\Admin\65a1f94348fbcf8ea0b7b04e37c32a89.php 第 115 行.
NOTIC: [8] Undefined index: PHPRC C:\code\Apache24\docs\dataex\Application\Runtime\Cache\Admin\65a1f94348fbcf8ea0b7b04e37c32a89.php 第 116 行.
NOTIC: [8] Undefined index: _FCGI_SHUTDOWN_EVENT_ C:\code\Apache24\docs\dataex\Application\Runtime\Cache\Admin\65a1f94348fbcf8ea0b7b04e37c32a89.php 第 117 行.
NOTIC: [8] Undefined index: HTTP_ACCERT C:\code\Apache24\docs\dataex\Application\Runtime\Cache\Admin\65a1f94348fbcf8ea0b7b04e37c32a89.php 第 163 行.
NOTIC: [8] Undefined index: FCGI_ROLE C:\code\Apache24\docs\dataex\Application\Runtime\Cache\Admin\65a1f94348fbcf8ea0b7b04e37c32a89.php 第 175 行.
INFO: Run Behavior\ParseTemplateBehavior [ RunTime:0.012119s ]
INFO: [ view_parse ] --END-- [ RunTime:0.012161s ]
INFO: [ view_filter ] --START--
INFO: Run Behavior\WriteHtmlCacheBehavior [ RunTime:0.000557s ]
INFO: [ view_filter ] --END-- [ RunTime:0.000592s ]
INFO: [ app_end ] --START--
INFO: Run Behavior\ShowPageTraceBehavior [ RunTime:0.000818s ]
INFO: [ app_end ] --END-- [ RunTime:0.000864s ]

[ 2017-09-27T17:39:29+08:00 ] 127.0.0.1 /Admin/index/modiAdminPass
INFO: [ app_init ] --START--
INFO: Run Behavior\BuildLiteBehavior [ RunTime:0.000008s ]
INFO: [ app_init ] --END-- [ RunTime:0.000302s ]
INFO: [ app_begin ] --START--
INFO: Run Behavior\ReadHtmlCacheBehavior [ RunTime:0.000416s ]
INFO: [ app_begin ] --END-- [ RunTime:0.000440s ]
SQL: SHOW COLUMNS FROM `yxblog_admin_user_record` [ RunTime:0.0012s ]
SQL: SELECT `session` FROM `yxblog_admin_user_record` WHERE `uid` = 1 LIMIT 1   [ RunTime:0.0004s ]
INFO: [ view_parse ] --START--
INFO: [ template_filter ] --START--
INFO: Run Behavior\ContentReplaceBehavior [ RunTime:0.000031s ]
INFO: [ template_filter ] --END-- [ RunTime:0.000061s ]
INFO: Run Behavior\ParseTemplateBehavior [ RunTime:0.005462s ]
INFO: [ view_parse ] --END-- [ RunTime:0.005496s ]
INFO: [ view_filter ] --START--
INFO: Run Behavior\WriteHtmlCacheBehavior [ RunTime:0.000283s ]
INFO: [ view_filter ] --END-- [ RunTime:0.000305s ]
INFO: [ app_end ] --START--
INFO: Run Behavior\ShowPageTraceBehavior [ RunTime:0.000502s ]
INFO: [ app_end ] --END-- [ RunTime:0.000524s ]

[ 2017-09-27T17:39:31+08:00 ] 127.0.0.1 /Admin/index/AdminUserInfo.html
INFO: [ app_init ] --START--
INFO: Run Behavior\BuildLiteBehavior [ RunTime:0.000009s ]
INFO: [ app_init ] --END-- [ RunTime:0.000396s ]
INFO: [ app_begin ] --START--
INFO: Run Behavior\ReadHtmlCacheBehavior [ RunTime:0.000526s ]
INFO: [ app_begin ] --END-- [ RunTime:0.000561s ]
SQL: SHOW COLUMNS FROM `yxblog_admin_user_info` [ RunTime:0.0011s ]
SQL: SELECT `email`,`phone`,`birth` FROM `yxblog_admin_user_info` WHERE `uid` = 1 LIMIT 1   [ RunTime:0.0033s ]
INFO: [ view_parse ] --START--
INFO: [ template_filter ] --START--
INFO: Run Behavior\ContentReplaceBehavior [ RunTime:0.000123s ]
INFO: [ template_filter ] --END-- [ RunTime:0.000155s ]
INFO: Run Behavior\ParseTemplateBehavior [ RunTime:0.008496s ]
INFO: [ view_parse ] --END-- [ RunTime:0.008562s ]
INFO: [ view_filter ] --START--
INFO: Run Behavior\WriteHtmlCacheBehavior [ RunTime:0.000525s ]
INFO: [ view_filter ] --END-- [ RunTime:0.000559s ]
INFO: [ app_end ] --START--
INFO: Run Behavior\ShowPageTraceBehavior [ RunTime:0.000966s ]
INFO: [ app_end ] --END-- [ RunTime:0.001016s ]

[ 2017-09-27T17:50:56+08:00 ] 127.0.0.1 /Admin/index/index
INFO: [ app_init ] --START--
INFO: Run Behavior\BuildLiteBehavior [ RunTime:0.000009s ]
INFO: [ app_init ] --END-- [ RunTime:0.000378s ]
INFO: [ app_begin ] --START--
INFO: Run Behavior\ReadHtmlCacheBehavior [ RunTime:0.001743s ]
INFO: [ app_begin ] --END-- [ RunTime:0.001788s ]
SQL: SHOW COLUMNS FROM `yxblog_admin_user_record` [ RunTime:0.0238s ]
SQL: SELECT `session` FROM `yxblog_admin_user_record` WHERE `uid` = 1 LIMIT 1   [ RunTime:0.0232s ]
INFO: [ view_parse ] --START--
INFO: [ template_filter ] --START--
INFO: Run Behavior\ContentReplaceBehavior [ RunTime:0.000020s ]
INFO: [ template_filter ] --END-- [ RunTime:0.000055s ]
INFO: Run Behavior\ParseTemplateBehavior [ RunTime:0.005817s ]
INFO: [ view_parse ] --END-- [ RunTime:0.005866s ]
INFO: [ view_filter ] --START--
INFO: Run Behavior\WriteHtmlCacheBehavior [ RunTime:0.000349s ]
INFO: [ view_filter ] --END-- [ RunTime:0.000375s ]

[ 2017-09-27T17:50:57+08:00 ] 127.0.0.1 /Admin/index/login.html
INFO: [ app_init ] --START--
INFO: Run Behavior\BuildLiteBehavior [ RunTime:0.000010s ]
INFO: [ app_init ] --END-- [ RunTime:0.000362s ]
INFO: [ app_begin ] --START--
INFO: Run Behavior\ReadHtmlCacheBehavior [ RunTime:0.000443s ]
INFO: [ app_begin ] --END-- [ RunTime:0.000474s ]
INFO: [ view_parse ] --START--
INFO: [ template_filter ] --START--
INFO: Run Behavior\ContentReplaceBehavior [ RunTime:0.000031s ]
INFO: [ template_filter ] --END-- [ RunTime:0.000057s ]
INFO: Run Behavior\ParseTemplateBehavior [ RunTime:0.004624s ]
INFO: [ view_parse ] --END-- [ RunTime:0.004666s ]
INFO: [ view_filter ] --START--
INFO: Run Behavior\WriteHtmlCacheBehavior [ RunTime:0.000290s ]
INFO: [ view_filter ] --END-- [ RunTime:0.000309s ]
INFO: [ app_end ] --START--
INFO: Run Behavior\ShowPageTraceBehavior [ RunTime:0.000578s ]
INFO: [ app_end ] --END-- [ RunTime:0.000600s ]

[ 2017-09-27T17:50:57+08:00 ] 127.0.0.1 /Admin/index/getVerify.html
INFO: [ app_init ] --START--
INFO: Run Behavior\BuildLiteBehavior [ RunTime:0.000042s ]
INFO: [ app_init ] --END-- [ RunTime:0.000730s ]
INFO: [ app_begin ] --START--
INFO: Run Behavior\ReadHtmlCacheBehavior [ RunTime:0.001060s ]
INFO: [ app_begin ] --END-- [ RunTime:0.001116s ]
INFO: [ app_end ] --START--
INFO: Run Behavior\ShowPageTraceBehavior [ RunTime:0.001091s ]
INFO: [ app_end ] --END-- [ RunTime:0.001161s ]

[ 2017-09-27T17:51:02+08:00 ] 127.0.0.1 /Admin/index/getVerify/0.552366603089514
INFO: [ app_init ] --START--
INFO: Run Behavior\BuildLiteBehavior [ RunTime:0.000007s ]
INFO: [ app_init ] --END-- [ RunTime:0.000320s ]
INFO: [ app_begin ] --START--
INFO: Run Behavior\ReadHtmlCacheBehavior [ RunTime:0.001486s ]
INFO: [ app_begin ] --END-- [ RunTime:0.001601s ]
INFO: [ app_end ] --START--
INFO: Run Behavior\ShowPageTraceBehavior [ RunTime:0.001072s ]
INFO: [ app_end ] --END-- [ RunTime:0.001132s ]

[ 2017-09-27T17:51:08+08:00 ] 127.0.0.1 /Admin/AdminUser/login
INFO: [ app_init ] --START--
INFO: Run Behavior\BuildLiteBehavior [ RunTime:0.000008s ]
INFO: [ app_init ] --END-- [ RunTime:0.000324s ]
INFO: [ app_begin ] --START--
INFO: Run Behavior\ReadHtmlCacheBehavior [ RunTime:0.000554s ]
INFO: [ app_begin ] --END-- [ RunTime:0.000602s ]
SQL: SHOW COLUMNS FROM `yxblog_admin_user` [ RunTime:0.0270s ]
SQL: SELECT `id`,`user`,`pwd`,`user_name`,`exa_juris` FROM `yxblog_admin_user` WHERE `user` = 'admin' AND `pwd` = '3e7ef2d52d4916ea428fd42daebd4a16' LIMIT 1   [ RunTime:0.2626s ]
SQL: SHOW COLUMNS FROM `yxblog_admin_user_record` [ RunTime:0.0324s ]
SQL: UPDATE `yxblog_admin_user_record` SET `session`='4anhiqfqq962ddr3mrhksc4n7j' WHERE `uid` = 1 [ RunTime:0.0281s ]
INFO: [ app_end ] --START--
INFO: Run Behavior\ShowPageTraceBehavior [ RunTime:0.000749s ]
INFO: [ app_end ] --END-- [ RunTime:0.000789s ]

[ 2017-09-27T17:51:10+08:00 ] 127.0.0.1 /Admin/index/index
INFO: [ app_init ] --START--
INFO: Run Behavior\BuildLiteBehavior [ RunTime:0.000015s ]
INFO: [ app_init ] --END-- [ RunTime:0.000447s ]
INFO: [ app_begin ] --START--
INFO: Run Behavior\ReadHtmlCacheBehavior [ RunTime:0.000585s ]
INFO: [ app_begin ] --END-- [ RunTime:0.000626s ]
SQL: SHOW COLUMNS FROM `yxblog_admin_user_record` [ RunTime:0.0265s ]
SQL: SELECT `session` FROM `yxblog_admin_user_record` WHERE `uid` = 1 LIMIT 1   [ RunTime:0.0265s ]
SQL: SELECT `session` FROM `yxblog_admin_user_record` WHERE `uid` = 1 LIMIT 1   [ RunTime:0.0271s ]
SQL: SHOW COLUMNS FROM `yxblog_admin_menu` [ RunTime:0.0250s ]
SQL: SELECT * FROM `yxblog_admin_menu` WHERE ( pid=0 )  [ RunTime:0.0260s ]
SQL: SELECT * FROM `yxblog_admin_menu` WHERE ( pid=1 )  [ RunTime:0.0262s ]
SQL: SELECT * FROM `yxblog_admin_menu` WHERE ( pid=2 )  [ RunTime:0.0233s ]
SQL: SELECT * FROM `yxblog_admin_menu` WHERE ( pid=3 )  [ RunTime:0.0252s ]
SQL: SELECT * FROM `yxblog_admin_menu` WHERE ( pid=12 )  [ RunTime:0.0250s ]
SQL: SELECT * FROM `yxblog_admin_menu` WHERE ( pid=13 )  [ RunTime:0.0245s ]
SQL: SELECT * FROM `yxblog_admin_menu` WHERE ( pid=14 )  [ RunTime:0.0526s ]
SQL: SELECT * FROM `yxblog_admin_menu` WHERE ( pid=19 )  [ RunTime:0.0234s ]
SQL: SELECT * FROM `yxblog_admin_menu` WHERE ( pid=20 )  [ RunTime:0.0257s ]
SQL: SELECT * FROM `yxblog_admin_menu` WHERE ( pid=22 )  [ RunTime:0.0252s ]
SQL: SELECT * FROM `yxblog_admin_menu` WHERE ( pid=33 )  [ RunTime:0.0240s ]
SQL: SELECT * FROM `yxblog_admin_menu` WHERE ( pid=46 )  [ RunTime:0.0254s ]
SQL: SELECT * FROM `yxblog_admin_menu` WHERE ( pid=47 )  [ RunTime:0.0250s ]
SQL: SELECT * FROM `yxblog_admin_menu` WHERE ( pid=28 )  [ RunTime:0.0269s ]
SQL: SELECT * FROM `yxblog_admin_menu` WHERE ( pid=29 )  [ RunTime:0.0235s ]
SQL: SELECT * FROM `yxblog_admin_menu` WHERE ( pid=32 )  [ RunTime:0.0230s ]
INFO: [ view_parse ] --START--
INFO: [ template_filter ] --START--
INFO: Run Behavior\ContentReplaceBehavior [ RunTime:0.000120s ]
INFO: [ template_filter ] --END-- [ RunTime:0.000180s ]
INFO: Run Behavior\ParseTemplateBehavior [ RunTime:0.010887s ]
INFO: [ view_parse ] --END-- [ RunTime:0.010927s ]
INFO: [ view_filter ] --START--
INFO: Run Behavior\WriteHtmlCacheBehavior [ RunTime:0.000411s ]
INFO: [ view_filter ] --END-- [ RunTime:0.000432s ]
INFO: [ app_end ] --START--
INFO: Run Behavior\ShowPageTraceBehavior [ RunTime:0.000486s ]
INFO: [ app_end ] --END-- [ RunTime:0.000515s ]

[ 2017-09-27T17:51:10+08:00 ] 127.0.0.1 /Admin/index/main
INFO: [ app_init ] --START--
INFO: Run Behavior\BuildLiteBehavior [ RunTime:0.000013s ]
INFO: [ app_init ] --END-- [ RunTime:0.000497s ]
INFO: [ app_begin ] --START--
INFO: Run Behavior\ReadHtmlCacheBehavior [ RunTime:0.000857s ]
INFO: [ app_begin ] --END-- [ RunTime:0.000905s ]
SQL: SHOW COLUMNS FROM `yxblog_admin_user_record` [ RunTime:0.0296s ]
SQL: SELECT `session` FROM `yxblog_admin_user_record` WHERE `uid` = 1 LIMIT 1   [ RunTime:0.0226s ]
INFO: [ view_parse ] --START--
INFO: [ template_filter ] --START--
INFO: Run Behavior\ContentReplaceBehavior [ RunTime:0.000090s ]
INFO: [ template_filter ] --END-- [ RunTime:0.000124s ]
NOTIC: [8] Undefined index: SYSTEMROOT C:\code\Apache24\docs\dataex\Application\Runtime\Cache\Admin\65a1f94348fbcf8ea0b7b04e37c32a89.php 第 110 行.
NOTIC: [8] Undefined index: PHP_FCGI_MAX_REQUESTS C:\code\Apache24\docs\dataex\Application\Runtime\Cache\Admin\65a1f94348fbcf8ea0b7b04e37c32a89.php 第 115 行.
NOTIC: [8] Undefined index: PHPRC C:\code\Apache24\docs\dataex\Application\Runtime\Cache\Admin\65a1f94348fbcf8ea0b7b04e37c32a89.php 第 116 行.
NOTIC: [8] Undefined index: _FCGI_SHUTDOWN_EVENT_ C:\code\Apache24\docs\dataex\Application\Runtime\Cache\Admin\65a1f94348fbcf8ea0b7b04e37c32a89.php 第 117 行.
NOTIC: [8] Undefined index: HTTP_ACCERT C:\code\Apache24\docs\dataex\Application\Runtime\Cache\Admin\65a1f94348fbcf8ea0b7b04e37c32a89.php 第 163 行.
NOTIC: [8] Undefined index: FCGI_ROLE C:\code\Apache24\docs\dataex\Application\Runtime\Cache\Admin\65a1f94348fbcf8ea0b7b04e37c32a89.php 第 175 行.
INFO: Run Behavior\ParseTemplateBehavior [ RunTime:0.007839s ]
INFO: [ view_parse ] --END-- [ RunTime:0.007869s ]
INFO: [ view_filter ] --START--
INFO: Run Behavior\WriteHtmlCacheBehavior [ RunTime:0.000464s ]
INFO: [ view_filter ] --END-- [ RunTime:0.000494s ]
INFO: [ app_end ] --START--
INFO: Run Behavior\ShowPageTraceBehavior [ RunTime:0.000712s ]
INFO: [ app_end ] --END-- [ RunTime:0.000756s ]

[ 2017-09-27T17:52:13+08:00 ] 127.0.0.1 /Admin/index/index
INFO: [ app_init ] --START--
INFO: Run Behavior\BuildLiteBehavior [ RunTime:0.000014s ]
INFO: [ app_init ] --END-- [ RunTime:0.000492s ]
INFO: [ app_begin ] --START--
INFO: Run Behavior\ReadHtmlCacheBehavior [ RunTime:0.001405s ]
INFO: [ app_begin ] --END-- [ RunTime:0.001462s ]
SQL: SHOW COLUMNS FROM `yxblog_admin_user_record` [ RunTime:0.0247s ]
SQL: SELECT `session` FROM `yxblog_admin_user_record` WHERE `uid` = 1 LIMIT 1   [ RunTime:0.0231s ]
SQL: SELECT `session` FROM `yxblog_admin_user_record` WHERE `uid` = 1 LIMIT 1   [ RunTime:0.0195s ]
SQL: SHOW COLUMNS FROM `yxblog_admin_menu` [ RunTime:0.0197s ]
SQL: SELECT * FROM `yxblog_admin_menu` WHERE ( pid=0 )  [ RunTime:0.0233s ]
SQL: SELECT * FROM `yxblog_admin_menu` WHERE ( pid=1 )  [ RunTime:0.0192s ]
SQL: SELECT * FROM `yxblog_admin_menu` WHERE ( pid=2 )  [ RunTime:0.0209s ]
SQL: SELECT * FROM `yxblog_admin_menu` WHERE ( pid=3 )  [ RunTime:0.0207s ]
SQL: SELECT * FROM `yxblog_admin_menu` WHERE ( pid=12 )  [ RunTime:0.0212s ]
SQL: SELECT * FROM `yxblog_admin_menu` WHERE ( pid=14 )  [ RunTime:0.0196s ]
SQL: SELECT * FROM `yxblog_admin_menu` WHERE ( pid=46 )  [ RunTime:0.0212s ]
SQL: SELECT * FROM `yxblog_admin_menu` WHERE ( pid=47 )  [ RunTime:0.0207s ]
INFO: [ view_parse ] --START--
INFO: [ template_filter ] --START--
INFO: Run Behavior\ContentReplaceBehavior [ RunTime:0.000107s ]
INFO: [ template_filter ] --END-- [ RunTime:0.000144s ]
INFO: Run Behavior\ParseTemplateBehavior [ RunTime:0.007250s ]
INFO: [ view_parse ] --END-- [ RunTime:0.007294s ]
INFO: [ view_filter ] --START--
INFO: Run Behavior\WriteHtmlCacheBehavior [ RunTime:0.000453s ]
INFO: [ view_filter ] --END-- [ RunTime:0.000491s ]
INFO: [ app_end ] --START--
INFO: Run Behavior\ShowPageTraceBehavior [ RunTime:0.000869s ]
INFO: [ app_end ] --END-- [ RunTime:0.000924s ]

[ 2017-09-27T17:52:13+08:00 ] 127.0.0.1 /Admin/index/main
INFO: [ app_init ] --START--
INFO: Run Behavior\BuildLiteBehavior [ RunTime:0.000012s ]
INFO: [ app_init ] --END-- [ RunTime:0.000398s ]
INFO: [ app_begin ] --START--
INFO: Run Behavior\ReadHtmlCacheBehavior [ RunTime:0.000588s ]
INFO: [ app_begin ] --END-- [ RunTime:0.000629s ]
SQL: SHOW COLUMNS FROM `yxblog_admin_user_record` [ RunTime:0.0216s ]
SQL: SELECT `session` FROM `yxblog_admin_user_record` WHERE `uid` = 1 LIMIT 1   [ RunTime:0.0219s ]
INFO: [ view_parse ] --START--
INFO: [ template_filter ] --START--
INFO: Run Behavior\ContentReplaceBehavior [ RunTime:0.000122s ]
INFO: [ template_filter ] --END-- [ RunTime:0.000173s ]
NOTIC: [8] Undefined index: SYSTEMROOT C:\code\Apache24\docs\dataex\Application\Runtime\Cache\Admin\65a1f94348fbcf8ea0b7b04e37c32a89.php 第 110 行.
NOTIC: [8] Undefined index: PHP_FCGI_MAX_REQUESTS C:\code\Apache24\docs\dataex\Application\Runtime\Cache\Admin\65a1f94348fbcf8ea0b7b04e37c32a89.php 第 115 行.
NOTIC: [8] Undefined index: PHPRC C:\code\Apache24\docs\dataex\Application\Runtime\Cache\Admin\65a1f94348fbcf8ea0b7b04e37c32a89.php 第 116 行.
NOTIC: [8] Undefined index: _FCGI_SHUTDOWN_EVENT_ C:\code\Apache24\docs\dataex\Application\Runtime\Cache\Admin\65a1f94348fbcf8ea0b7b04e37c32a89.php 第 117 行.
NOTIC: [8] Undefined index: HTTP_ACCERT C:\code\Apache24\docs\dataex\Application\Runtime\Cache\Admin\65a1f94348fbcf8ea0b7b04e37c32a89.php 第 163 行.
NOTIC: [8] Undefined index: FCGI_ROLE C:\code\Apache24\docs\dataex\Application\Runtime\Cache\Admin\65a1f94348fbcf8ea0b7b04e37c32a89.php 第 175 行.
INFO: Run Behavior\ParseTemplateBehavior [ RunTime:0.007637s ]
INFO: [ view_parse ] --END-- [ RunTime:0.007669s ]
INFO: [ view_filter ] --START--
INFO: Run Behavior\WriteHtmlCacheBehavior [ RunTime:0.000323s ]
INFO: [ view_filter ] --END-- [ RunTime:0.000347s ]
INFO: [ app_end ] --START--
INFO: Run Behavior\ShowPageTraceBehavior [ RunTime:0.000639s ]
INFO: [ app_end ] --END-- [ RunTime:0.000676s ]

[ 2017-09-27T17:52:15+08:00 ] 127.0.0.1 /Admin/index/index
INFO: [ app_init ] --START--
INFO: Run Behavior\BuildLiteBehavior [ RunTime:0.000009s ]
INFO: [ app_init ] --END-- [ RunTime:0.000297s ]
INFO: [ app_begin ] --START--
INFO: Run Behavior\ReadHtmlCacheBehavior [ RunTime:0.000395s ]
INFO: [ app_begin ] --END-- [ RunTime:0.000418s ]
SQL: SHOW COLUMNS FROM `yxblog_admin_user_record` [ RunTime:0.0280s ]
SQL: SELECT `session` FROM `yxblog_admin_user_record` WHERE `uid` = 1 LIMIT 1   [ RunTime:0.0217s ]
SQL: SELECT `session` FROM `yxblog_admin_user_record` WHERE `uid` = 1 LIMIT 1   [ RunTime:0.0209s ]
SQL: SHOW COLUMNS FROM `yxblog_admin_menu` [ RunTime:0.0223s ]
SQL: SELECT * FROM `yxblog_admin_menu` WHERE ( pid=0 )  [ RunTime:0.0280s ]
SQL: SELECT * FROM `yxblog_admin_menu` WHERE ( pid=1 )  [ RunTime:0.0220s ]
SQL: SELECT * FROM `yxblog_admin_menu` WHERE ( pid=2 )  [ RunTime:0.0223s ]
SQL: SELECT * FROM `yxblog_admin_menu` WHERE ( pid=3 )  [ RunTime:0.0198s ]
SQL: SELECT * FROM `yxblog_admin_menu` WHERE ( pid=12 )  [ RunTime:0.0218s ]
SQL: SELECT * FROM `yxblog_admin_menu` WHERE ( pid=14 )  [ RunTime:0.0210s ]
SQL: SELECT * FROM `yxblog_admin_menu` WHERE ( pid=46 )  [ RunTime:0.0189s ]
SQL: SELECT * FROM `yxblog_admin_menu` WHERE ( pid=47 )  [ RunTime:0.0247s ]
INFO: [ view_parse ] --START--
INFO: [ template_filter ] --START--
INFO: Run Behavior\ContentReplaceBehavior [ RunTime:0.000104s ]
INFO: [ template_filter ] --END-- [ RunTime:0.000140s ]
INFO: Run Behavior\ParseTemplateBehavior [ RunTime:0.007385s ]
INFO: [ view_parse ] --END-- [ RunTime:0.007431s ]
INFO: [ view_filter ] --START--
INFO: Run Behavior\WriteHtmlCacheBehavior [ RunTime:0.000393s ]
INFO: [ view_filter ] --END-- [ RunTime:0.000423s ]
INFO: [ app_end ] --START--
INFO: Run Behavior\ShowPageTraceBehavior [ RunTime:0.000705s ]
INFO: [ app_end ] --END-- [ RunTime:0.000749s ]

[ 2017-09-27T17:52:15+08:00 ] 127.0.0.1 /Admin/index/main
INFO: [ app_init ] --START--
INFO: Run Behavior\BuildLiteBehavior [ RunTime:0.000012s ]
INFO: [ app_init ] --END-- [ RunTime:0.000419s ]
INFO: [ app_begin ] --START--
INFO: Run Behavior\ReadHtmlCacheBehavior [ RunTime:0.000639s ]
INFO: [ app_begin ] --END-- [ RunTime:0.000682s ]
SQL: SHOW COLUMNS FROM `yxblog_admin_user_record` [ RunTime:0.0226s ]
SQL: SELECT `session` FROM `yxblog_admin_user_record` WHERE `uid` = 1 LIMIT 1   [ RunTime:0.0220s ]
INFO: [ view_parse ] --START--
INFO: [ template_filter ] --START--
INFO: Run Behavior\ContentReplaceBehavior [ RunTime:0.000090s ]
INFO: [ template_filter ] --END-- [ RunTime:0.000120s ]
NOTIC: [8] Undefined index: SYSTEMROOT C:\code\Apache24\docs\dataex\Application\Runtime\Cache\Admin\65a1f94348fbcf8ea0b7b04e37c32a89.php 第 110 行.
NOTIC: [8] Undefined index: PHP_FCGI_MAX_REQUESTS C:\code\Apache24\docs\dataex\Application\Runtime\Cache\Admin\65a1f94348fbcf8ea0b7b04e37c32a89.php 第 115 行.
NOTIC: [8] Undefined index: PHPRC C:\code\Apache24\docs\dataex\Application\Runtime\Cache\Admin\65a1f94348fbcf8ea0b7b04e37c32a89.php 第 116 行.
NOTIC: [8] Undefined index: _FCGI_SHUTDOWN_EVENT_ C:\code\Apache24\docs\dataex\Application\Runtime\Cache\Admin\65a1f94348fbcf8ea0b7b04e37c32a89.php 第 117 行.
NOTIC: [8] Undefined index: HTTP_ACCERT C:\code\Apache24\docs\dataex\Application\Runtime\Cache\Admin\65a1f94348fbcf8ea0b7b04e37c32a89.php 第 163 行.
NOTIC: [8] Undefined index: FCGI_ROLE C:\code\Apache24\docs\dataex\Application\Runtime\Cache\Admin\65a1f94348fbcf8ea0b7b04e37c32a89.php 第 175 行.
INFO: Run Behavior\ParseTemplateBehavior [ RunTime:0.006324s ]
INFO: [ view_parse ] --END-- [ RunTime:0.006348s ]
INFO: [ view_filter ] --START--
INFO: Run Behavior\WriteHtmlCacheBehavior [ RunTime:0.000262s ]
INFO: [ view_filter ] --END-- [ RunTime:0.000281s ]
INFO: [ app_end ] --START--
INFO: Run Behavior\ShowPageTraceBehavior [ RunTime:0.000711s ]
INFO: [ app_end ] --END-- [ RunTime:0.000753s ]

[ 2017-09-27T17:52:15+08:00 ] 127.0.0.1 /Admin/index/index
INFO: [ app_init ] --START--
INFO: Run Behavior\BuildLiteBehavior [ RunTime:0.000008s ]
INFO: [ app_init ] --END-- [ RunTime:0.000330s ]
INFO: [ app_begin ] --START--
INFO: Run Behavior\ReadHtmlCacheBehavior [ RunTime:0.000754s ]
INFO: [ app_begin ] --END-- [ RunTime:0.000790s ]
SQL: SHOW COLUMNS FROM `yxblog_admin_user_record` [ RunTime:0.0279s ]
SQL: SELECT `session` FROM `yxblog_admin_user_record` WHERE `uid` = 1 LIMIT 1   [ RunTime:0.0265s ]
SQL: SELECT `session` FROM `yxblog_admin_user_record` WHERE `uid` = 1 LIMIT 1   [ RunTime:0.0255s ]
SQL: SHOW COLUMNS FROM `yxblog_admin_menu` [ RunTime:0.0328s ]
SQL: SELECT * FROM `yxblog_admin_menu` WHERE ( pid=0 )  [ RunTime:0.0308s ]
SQL: SELECT * FROM `yxblog_admin_menu` WHERE ( pid=1 )  [ RunTime:0.0277s ]
SQL: SELECT * FROM `yxblog_admin_menu` WHERE ( pid=2 )  [ RunTime:0.0234s ]
SQL: SELECT * FROM `yxblog_admin_menu` WHERE ( pid=3 )  [ RunTime:0.0240s ]
SQL: SELECT * FROM `yxblog_admin_menu` WHERE ( pid=12 )  [ RunTime:0.0281s ]
SQL: SELECT * FROM `yxblog_admin_menu` WHERE ( pid=14 )  [ RunTime:0.0274s ]
SQL: SELECT * FROM `yxblog_admin_menu` WHERE ( pid=46 )  [ RunTime:0.0380s ]
SQL: SELECT * FROM `yxblog_admin_menu` WHERE ( pid=47 )  [ RunTime:0.0288s ]
INFO: [ view_parse ] --START--
INFO: [ template_filter ] --START--
INFO: Run Behavior\ContentReplaceBehavior [ RunTime:0.000131s ]
INFO: [ template_filter ] --END-- [ RunTime:0.000263s ]
INFO: Run Behavior\ParseTemplateBehavior [ RunTime:0.010217s ]
INFO: [ view_parse ] --END-- [ RunTime:0.010256s ]
INFO: [ view_filter ] --START--
INFO: Run Behavior\WriteHtmlCacheBehavior [ RunTime:0.000342s ]
INFO: [ view_filter ] --END-- [ RunTime:0.000361s ]
INFO: [ app_end ] --START--
INFO: Run Behavior\ShowPageTraceBehavior [ RunTime:0.000674s ]
INFO: [ app_end ] --END-- [ RunTime:0.000709s ]

[ 2017-09-27T17:52:15+08:00 ] 127.0.0.1 /Admin/index/main
INFO: [ app_init ] --START--
INFO: Run Behavior\BuildLiteBehavior [ RunTime:0.000013s ]
INFO: [ app_init ] --END-- [ RunTime:0.000503s ]
INFO: [ app_begin ] --START--
INFO: Run Behavior\ReadHtmlCacheBehavior [ RunTime:0.000685s ]
INFO: [ app_begin ] --END-- [ RunTime:0.000731s ]
SQL: SHOW COLUMNS FROM `yxblog_admin_user_record` [ RunTime:0.0342s ]
SQL: SELECT `session` FROM `yxblog_admin_user_record` WHERE `uid` = 1 LIMIT 1   [ RunTime:0.0319s ]
INFO: [ view_parse ] --START--
INFO: [ template_filter ] --START--
INFO: Run Behavior\ContentReplaceBehavior [ RunTime:0.000137s ]
INFO: [ template_filter ] --END-- [ RunTime:0.000184s ]
NOTIC: [8] Undefined index: SYSTEMROOT C:\code\Apache24\docs\dataex\Application\Runtime\Cache\Admin\65a1f94348fbcf8ea0b7b04e37c32a89.php 第 110 行.
NOTIC: [8] Undefined index: PHP_FCGI_MAX_REQUESTS C:\code\Apache24\docs\dataex\Application\Runtime\Cache\Admin\65a1f94348fbcf8ea0b7b04e37c32a89.php 第 115 行.
NOTIC: [8] Undefined index: PHPRC C:\code\Apache24\docs\dataex\Application\Runtime\Cache\Admin\65a1f94348fbcf8ea0b7b04e37c32a89.php 第 116 行.
NOTIC: [8] Undefined index: _FCGI_SHUTDOWN_EVENT_ C:\code\Apache24\docs\dataex\Application\Runtime\Cache\Admin\65a1f94348fbcf8ea0b7b04e37c32a89.php 第 117 行.
NOTIC: [8] Undefined index: HTTP_ACCERT C:\code\Apache24\docs\dataex\Application\Runtime\Cache\Admin\65a1f94348fbcf8ea0b7b04e37c32a89.php 第 163 行.
NOTIC: [8] Undefined index: FCGI_ROLE C:\code\Apache24\docs\dataex\Application\Runtime\Cache\Admin\65a1f94348fbcf8ea0b7b04e37c32a89.php 第 175 行.
INFO: Run Behavior\ParseTemplateBehavior [ RunTime:0.007761s ]
INFO: [ view_parse ] --END-- [ RunTime:0.007792s ]
INFO: [ view_filter ] --START--
INFO: Run Behavior\WriteHtmlCacheBehavior [ RunTime:0.000326s ]
INFO: [ view_filter ] --END-- [ RunTime:0.000355s ]
INFO: [ app_end ] --START--
INFO: Run Behavior\ShowPageTraceBehavior [ RunTime:0.000725s ]
INFO: [ app_end ] --END-- [ RunTime:0.000769s ]

[ 2017-09-27T17:52:23+08:00 ] 127.0.0.1 /Admin/index/adminUserManage
INFO: [ app_init ] --START--
INFO: Run Behavior\BuildLiteBehavior [ RunTime:0.000011s ]
INFO: [ app_init ] --END-- [ RunTime:0.000419s ]
INFO: [ app_begin ] --START--
INFO: Run Behavior\ReadHtmlCacheBehavior [ RunTime:0.000645s ]
INFO: [ app_begin ] --END-- [ RunTime:0.000695s ]
SQL: SHOW COLUMNS FROM `yxblog_admin_user_record` [ RunTime:0.0248s ]
SQL: SELECT `session` FROM `yxblog_admin_user_record` WHERE `uid` = 1 LIMIT 1   [ RunTime:0.0262s ]
SQL: SHOW COLUMNS FROM `yxblog_admin_user` [ RunTime:0.0260s ]
NOTIC: [8] Undefined variable: data C:\code\Apache24\docs\dataex\Application\Admin\Controller\AdminUserController.class.php 第 105 行.
SQL: SELECT `id`,`user`,`user_name` FROM `yxblog_admin_user` ORDER BY id DESC LIMIT 0,10   [ RunTime:0.0259s ]
NOTIC: [8] Undefined variable: admin_user_data C:\code\Apache24\docs\dataex\Application\Admin\Controller\IndexController.class.php 第 350 行.
SQL: SELECT COUNT(*) AS tp_count FROM `yxblog_admin_user` LIMIT 1   [ RunTime:0.0262s ]
INFO: [ view_parse ] --START--
INFO: [ template_filter ] --START--
INFO: Run Behavior\ContentReplaceBehavior [ RunTime:0.000058s ]
INFO: [ template_filter ] --END-- [ RunTime:0.000103s ]
INFO: Run Behavior\ParseTemplateBehavior [ RunTime:0.007346s ]
INFO: [ view_parse ] --END-- [ RunTime:0.007382s ]
INFO: [ view_filter ] --START--
INFO: Run Behavior\WriteHtmlCacheBehavior [ RunTime:0.000327s ]
INFO: [ view_filter ] --END-- [ RunTime:0.000354s ]
INFO: [ app_end ] --START--
INFO: Run Behavior\ShowPageTraceBehavior [ RunTime:0.000611s ]
INFO: [ app_end ] --END-- [ RunTime:0.000651s ]

[ 2017-09-27T17:52:24+08:00 ] 127.0.0.1 /Admin/index/adminUserAdd.html
INFO: [ app_init ] --START--
INFO: Run Behavior\BuildLiteBehavior [ RunTime:0.000008s ]
INFO: [ app_init ] --END-- [ RunTime:0.000255s ]
INFO: [ app_begin ] --START--
INFO: Run Behavior\ReadHtmlCacheBehavior [ RunTime:0.000597s ]
INFO: [ app_begin ] --END-- [ RunTime:0.000629s ]
INFO: [ view_parse ] --START--
INFO: [ template_filter ] --START--
INFO: Run Behavior\ContentReplaceBehavior [ RunTime:0.000028s ]
INFO: [ template_filter ] --END-- [ RunTime:0.000055s ]
INFO: Run Behavior\ParseTemplateBehavior [ RunTime:0.005861s ]
INFO: [ view_parse ] --END-- [ RunTime:0.005901s ]
INFO: [ view_filter ] --START--
INFO: Run Behavior\WriteHtmlCacheBehavior [ RunTime:0.000413s ]
INFO: [ view_filter ] --END-- [ RunTime:0.000438s ]
INFO: [ app_end ] --START--
INFO: Run Behavior\ShowPageTraceBehavior [ RunTime:0.000548s ]
INFO: [ app_end ] --END-- [ RunTime:0.000572s ]

[ 2017-09-27T17:52:26+08:00 ] 127.0.0.1 /Admin/index/adminUserManage.html
INFO: [ app_init ] --START--
INFO: Run Behavior\BuildLiteBehavior [ RunTime:0.000011s ]
INFO: [ app_init ] --END-- [ RunTime:0.000399s ]
INFO: [ app_begin ] --START--
INFO: Run Behavior\ReadHtmlCacheBehavior [ RunTime:0.000587s ]
INFO: [ app_begin ] --END-- [ RunTime:0.000626s ]
SQL: SHOW COLUMNS FROM `yxblog_admin_user_record` [ RunTime:0.0266s ]
SQL: SELECT `session` FROM `yxblog_admin_user_record` WHERE `uid` = 1 LIMIT 1   [ RunTime:0.0257s ]
SQL: SHOW COLUMNS FROM `yxblog_admin_user` [ RunTime:0.0259s ]
NOTIC: [8] Undefined variable: data C:\code\Apache24\docs\dataex\Application\Admin\Controller\AdminUserController.class.php 第 105 行.
SQL: SELECT `id`,`user`,`user_name` FROM `yxblog_admin_user` ORDER BY id DESC LIMIT 0,10   [ RunTime:0.0274s ]
NOTIC: [8] Undefined variable: admin_user_data C:\code\Apache24\docs\dataex\Application\Admin\Controller\IndexController.class.php 第 350 行.
SQL: SELECT COUNT(*) AS tp_count FROM `yxblog_admin_user` LIMIT 1   [ RunTime:0.0245s ]
INFO: [ view_parse ] --START--
INFO: [ template_filter ] --START--
INFO: Run Behavior\ContentReplaceBehavior [ RunTime:0.000037s ]
INFO: [ template_filter ] --END-- [ RunTime:0.000062s ]
INFO: Run Behavior\ParseTemplateBehavior [ RunTime:0.005222s ]
INFO: [ view_parse ] --END-- [ RunTime:0.005311s ]
INFO: [ view_filter ] --START--
INFO: Run Behavior\WriteHtmlCacheBehavior [ RunTime:0.000631s ]
INFO: [ view_filter ] --END-- [ RunTime:0.000676s ]
INFO: [ app_end ] --START--
INFO: Run Behavior\ShowPageTraceBehavior [ RunTime:0.000866s ]
INFO: [ app_end ] --END-- [ RunTime:0.000910s ]

[ 2017-09-27T17:52:28+08:00 ] 127.0.0.1 /Admin/index/adminUserExaJuris/id/1.html
INFO: [ app_init ] --START--
INFO: Run Behavior\BuildLiteBehavior [ RunTime:0.000010s ]
INFO: [ app_init ] --END-- [ RunTime:0.000407s ]
INFO: [ app_begin ] --START--
INFO: Run Behavior\ReadHtmlCacheBehavior [ RunTime:0.000396s ]
INFO: [ app_begin ] --END-- [ RunTime:0.000421s ]
SQL: SHOW COLUMNS FROM `yxblog_admin_user` [ RunTime:0.0304s ]
SQL: SELECT `id`,`user`,`user_name`,`exa_juris` FROM `yxblog_admin_user` WHERE `id` = 1 LIMIT 1   [ RunTime:0.0309s ]
SQL: SHOW COLUMNS FROM `yxblog_admin_user_record` [ RunTime:0.0363s ]
SQL: SELECT `session` FROM `yxblog_admin_user_record` WHERE `uid` = 1 LIMIT 1   [ RunTime:0.0297s ]
SQL: SHOW COLUMNS FROM `yxblog_admin_menu` [ RunTime:0.0310s ]
SQL: SELECT * FROM `yxblog_admin_menu` WHERE ( pid=0 )  [ RunTime:0.0456s ]
SQL: SELECT * FROM `yxblog_admin_menu` WHERE ( pid=1 )  [ RunTime:0.0301s ]
SQL: SELECT * FROM `yxblog_admin_menu` WHERE ( pid=2 )  [ RunTime:0.0315s ]
SQL: SELECT * FROM `yxblog_admin_menu` WHERE ( pid=3 )  [ RunTime:0.0303s ]
SQL: SELECT * FROM `yxblog_admin_menu` WHERE ( pid=12 )  [ RunTime:0.0322s ]
SQL: SELECT * FROM `yxblog_admin_menu` WHERE ( pid=14 )  [ RunTime:0.0293s ]
SQL: SELECT * FROM `yxblog_admin_menu` WHERE ( pid=46 )  [ RunTime:0.0328s ]
SQL: SELECT * FROM `yxblog_admin_menu` WHERE ( pid=47 )  [ RunTime:0.0310s ]
SQL: SELECT * FROM `yxblog_admin_menu` WHERE ( pid=48 )  [ RunTime:0.0314s ]
SQL: SELECT * FROM `yxblog_admin_menu` WHERE ( pid=49 )  [ RunTime:0.0354s ]
INFO: [ view_parse ] --START--
INFO: [ template_filter ] --START--
INFO: Run Behavior\ContentReplaceBehavior [ RunTime:0.000125s ]
INFO: [ template_filter ] --END-- [ RunTime:0.000181s ]
INFO: Run Behavior\ParseTemplateBehavior [ RunTime:0.012490s ]
INFO: [ view_parse ] --END-- [ RunTime:0.012534s ]
INFO: [ view_filter ] --START--
INFO: Run Behavior\WriteHtmlCacheBehavior [ RunTime:0.000321s ]
INFO: [ view_filter ] --END-- [ RunTime:0.000342s ]
INFO: [ app_end ] --START--
INFO: Run Behavior\ShowPageTraceBehavior [ RunTime:0.000596s ]
INFO: [ app_end ] --END-- [ RunTime:0.000639s ]

[ 2017-09-27T17:52:31+08:00 ] 127.0.0.1 /Admin/AdminUser/ajaxAdminUserExaJuris.html
INFO: [ app_init ] --START--
INFO: Run Behavior\BuildLiteBehavior [ RunTime:0.000009s ]
INFO: [ app_init ] --END-- [ RunTime:0.000274s ]
INFO: [ app_begin ] --START--
INFO: Run Behavior\ReadHtmlCacheBehavior [ RunTime:0.000448s ]
INFO: [ app_begin ] --END-- [ RunTime:0.000482s ]
SQL: SHOW COLUMNS FROM `yxblog_admin_user` [ RunTime:0.0270s ]
SQL: UPDATE `yxblog_admin_user` SET `exa_juris`='1,2,8,9,3,12,14,18,46,47,48,49' WHERE `id` = 1 [ RunTime:0.0261s ]
INFO: [ app_end ] --START--
INFO: Run Behavior\ShowPageTraceBehavior [ RunTime:0.000539s ]
INFO: [ app_end ] --END-- [ RunTime:0.000564s ]

[ 2017-09-27T17:52:33+08:00 ] 127.0.0.1 /Admin/index/adminUserManage.html
INFO: [ app_init ] --START--
INFO: Run Behavior\BuildLiteBehavior [ RunTime:0.000010s ]
INFO: [ app_init ] --END-- [ RunTime:0.000401s ]
INFO: [ app_begin ] --START--
INFO: Run Behavior\ReadHtmlCacheBehavior [ RunTime:0.000454s ]
INFO: [ app_begin ] --END-- [ RunTime:0.000480s ]
SQL: SHOW COLUMNS FROM `yxblog_admin_user_record` [ RunTime:0.0399s ]
SQL: SELECT `session` FROM `yxblog_admin_user_record` WHERE `uid` = 1 LIMIT 1   [ RunTime:0.0345s ]
SQL: SHOW COLUMNS FROM `yxblog_admin_user` [ RunTime:0.0357s ]
NOTIC: [8] Undefined variable: data C:\code\Apache24\docs\dataex\Application\Admin\Controller\AdminUserController.class.php 第 105 行.
SQL: SELECT `id`,`user`,`user_name` FROM `yxblog_admin_user` ORDER BY id DESC LIMIT 0,10   [ RunTime:0.0354s ]
NOTIC: [8] Undefined variable: admin_user_data C:\code\Apache24\docs\dataex\Application\Admin\Controller\IndexController.class.php 第 350 行.
SQL: SELECT COUNT(*) AS tp_count FROM `yxblog_admin_user` LIMIT 1   [ RunTime:0.0359s ]
INFO: [ view_parse ] --START--
INFO: [ template_filter ] --START--
INFO: Run Behavior\ContentReplaceBehavior [ RunTime:0.000037s ]
INFO: [ template_filter ] --END-- [ RunTime:0.000066s ]
INFO: Run Behavior\ParseTemplateBehavior [ RunTime:0.005618s ]
INFO: [ view_parse ] --END-- [ RunTime:0.005649s ]
INFO: [ view_filter ] --START--
INFO: Run Behavior\WriteHtmlCacheBehavior [ RunTime:0.000243s ]
INFO: [ view_filter ] --END-- [ RunTime:0.000260s ]
INFO: [ app_end ] --START--
INFO: Run Behavior\ShowPageTraceBehavior [ RunTime:0.000439s ]
INFO: [ app_end ] --END-- [ RunTime:0.000471s ]

[ 2017-09-27T17:52:37+08:00 ] 127.0.0.1 /Admin/index/adminUserAdd.html
INFO: [ app_init ] --START--
INFO: Run Behavior\BuildLiteBehavior [ RunTime:0.000013s ]
INFO: [ app_init ] --END-- [ RunTime:0.000423s ]
INFO: [ app_begin ] --START--
INFO: Run Behavior\ReadHtmlCacheBehavior [ RunTime:0.000750s ]
INFO: [ app_begin ] --END-- [ RunTime:0.000814s ]
INFO: [ view_parse ] --START--
INFO: [ template_filter ] --START--
INFO: Run Behavior\ContentReplaceBehavior [ RunTime:0.000027s ]
INFO: [ template_filter ] --END-- [ RunTime:0.000055s ]
INFO: Run Behavior\ParseTemplateBehavior [ RunTime:0.004419s ]
INFO: [ view_parse ] --END-- [ RunTime:0.004468s ]
INFO: [ view_filter ] --START--
INFO: Run Behavior\WriteHtmlCacheBehavior [ RunTime:0.000406s ]
INFO: [ view_filter ] --END-- [ RunTime:0.000436s ]
INFO: [ app_end ] --START--
INFO: Run Behavior\ShowPageTraceBehavior [ RunTime:0.000883s ]
INFO: [ app_end ] --END-- [ RunTime:0.000922s ]

[ 2017-09-27T17:52:42+08:00 ] 127.0.0.1 /Admin/AdminUser/addAdminUser.html
INFO: [ app_init ] --START--
INFO: Run Behavior\BuildLiteBehavior [ RunTime:0.000007s ]
INFO: [ app_init ] --END-- [ RunTime:0.000295s ]
INFO: [ app_begin ] --START--
INFO: Run Behavior\ReadHtmlCacheBehavior [ RunTime:0.000419s ]
INFO: [ app_begin ] --END-- [ RunTime:0.000447s ]
SQL: SHOW COLUMNS FROM `yxblog_admin_user` [ RunTime:0.0225s ]
SQL: INSERT INTO `yxblog_admin_user` (`user`,`pwd`) VALUES ('admin1','3e7ef2d52d4916ea428fd42daebd4a16') [ RunTime:0.0221s ]
SQL: SHOW COLUMNS FROM `yxblog_admin_user_info` [ RunTime:0.0209s ]
SQL: INSERT INTO `yxblog_admin_user_info` (`uid`) VALUES ('19') [ RunTime:0.0221s ]
SQL: SHOW COLUMNS FROM `yxblog_admin_user_record` [ RunTime:0.0216s ]
SQL: INSERT INTO `yxblog_admin_user_record` (`uid`) VALUES ('19') [ RunTime:0.0221s ]
INFO: [ app_end ] --START--
INFO: Run Behavior\ShowPageTraceBehavior [ RunTime:0.000551s ]
INFO: [ app_end ] --END-- [ RunTime:0.000584s ]

[ 2017-09-27T17:52:44+08:00 ] 127.0.0.1 /Admin/index/adminUserManage.html
INFO: [ app_init ] --START--
INFO: Run Behavior\BuildLiteBehavior [ RunTime:0.000008s ]
INFO: [ app_init ] --END-- [ RunTime:0.000293s ]
INFO: [ app_begin ] --START--
INFO: Run Behavior\ReadHtmlCacheBehavior [ RunTime:0.000466s ]
INFO: [ app_begin ] --END-- [ RunTime:0.000496s ]
SQL: SHOW COLUMNS FROM `yxblog_admin_user_record` [ RunTime:0.0260s ]
SQL: SELECT `session` FROM `yxblog_admin_user_record` WHERE `uid` = 1 LIMIT 1   [ RunTime:0.0247s ]
SQL: SHOW COLUMNS FROM `yxblog_admin_user` [ RunTime:0.0268s ]
NOTIC: [8] Undefined variable: data C:\code\Apache24\docs\dataex\Application\Admin\Controller\AdminUserController.class.php 第 105 行.
SQL: SELECT `id`,`user`,`user_name` FROM `yxblog_admin_user` ORDER BY id DESC LIMIT 0,10   [ RunTime:0.0280s ]
NOTIC: [8] Undefined variable: admin_user_data C:\code\Apache24\docs\dataex\Application\Admin\Controller\IndexController.class.php 第 350 行.
SQL: SELECT COUNT(*) AS tp_count FROM `yxblog_admin_user` LIMIT 1   [ RunTime:0.0257s ]
INFO: [ view_parse ] --START--
INFO: [ template_filter ] --START--
INFO: Run Behavior\ContentReplaceBehavior [ RunTime:0.000037s ]
INFO: [ template_filter ] --END-- [ RunTime:0.000068s ]
INFO: Run Behavior\ParseTemplateBehavior [ RunTime:0.004491s ]
INFO: [ view_parse ] --END-- [ RunTime:0.004523s ]
INFO: [ view_filter ] --START--
INFO: Run Behavior\WriteHtmlCacheBehavior [ RunTime:0.000402s ]
INFO: [ view_filter ] --END-- [ RunTime:0.000431s ]
INFO: [ app_end ] --START--
INFO: Run Behavior\ShowPageTraceBehavior [ RunTime:0.000853s ]
INFO: [ app_end ] --END-- [ RunTime:0.000898s ]

[ 2017-09-27T17:52:47+08:00 ] 127.0.0.1 /Admin/index/adminUserExaJuris/id/19.html
INFO: [ app_init ] --START--
INFO: Run Behavior\BuildLiteBehavior [ RunTime:0.000010s ]
INFO: [ app_init ] --END-- [ RunTime:0.000444s ]
INFO: [ app_begin ] --START--
INFO: Run Behavior\ReadHtmlCacheBehavior [ RunTime:0.000615s ]
INFO: [ app_begin ] --END-- [ RunTime:0.000657s ]
SQL: SHOW COLUMNS FROM `yxblog_admin_user` [ RunTime:0.0201s ]
SQL: SELECT `id`,`user`,`user_name`,`exa_juris` FROM `yxblog_admin_user` WHERE `id` = 19 LIMIT 1   [ RunTime:0.0245s ]
SQL: SHOW COLUMNS FROM `yxblog_admin_user_record` [ RunTime:0.0222s ]
SQL: SELECT `session` FROM `yxblog_admin_user_record` WHERE `uid` = 1 LIMIT 1   [ RunTime:0.0186s ]
SQL: SHOW COLUMNS FROM `yxblog_admin_menu` [ RunTime:0.0245s ]
SQL: SELECT * FROM `yxblog_admin_menu` WHERE ( pid=0 )  [ RunTime:0.0231s ]
SQL: SELECT * FROM `yxblog_admin_menu` WHERE ( pid=1 )  [ RunTime:0.0306s ]
SQL: SELECT * FROM `yxblog_admin_menu` WHERE ( pid=2 )  [ RunTime:0.0319s ]
SQL: SELECT * FROM `yxblog_admin_menu` WHERE ( pid=3 )  [ RunTime:0.0207s ]
SQL: SELECT * FROM `yxblog_admin_menu` WHERE ( pid=12 )  [ RunTime:0.0231s ]
SQL: SELECT * FROM `yxblog_admin_menu` WHERE ( pid=14 )  [ RunTime:0.0207s ]
SQL: SELECT * FROM `yxblog_admin_menu` WHERE ( pid=46 )  [ RunTime:0.0208s ]
SQL: SELECT * FROM `yxblog_admin_menu` WHERE ( pid=47 )  [ RunTime:0.0544s ]
SQL: SELECT * FROM `yxblog_admin_menu` WHERE ( pid=48 )  [ RunTime:0.0188s ]
SQL: SELECT * FROM `yxblog_admin_menu` WHERE ( pid=49 )  [ RunTime:0.0507s ]
INFO: [ view_parse ] --START--
INFO: [ template_filter ] --START--
INFO: Run Behavior\ContentReplaceBehavior [ RunTime:0.000074s ]
INFO: [ template_filter ] --END-- [ RunTime:0.000098s ]
INFO: Run Behavior\ParseTemplateBehavior [ RunTime:0.006580s ]
INFO: [ view_parse ] --END-- [ RunTime:0.006617s ]
INFO: [ view_filter ] --START--
INFO: Run Behavior\WriteHtmlCacheBehavior [ RunTime:0.000305s ]
INFO: [ view_filter ] --END-- [ RunTime:0.000325s ]
INFO: [ app_end ] --START--
INFO: Run Behavior\ShowPageTraceBehavior [ RunTime:0.000611s ]
INFO: [ app_end ] --END-- [ RunTime:0.000650s ]

[ 2017-09-27T17:52:50+08:00 ] 127.0.0.1 /Admin/AdminUser/ajaxAdminUserExaJuris.html
INFO: [ app_init ] --START--
INFO: Run Behavior\BuildLiteBehavior [ RunTime:0.000008s ]
INFO: [ app_init ] --END-- [ RunTime:0.000279s ]
INFO: [ app_begin ] --START--
INFO: Run Behavior\ReadHtmlCacheBehavior [ RunTime:0.000387s ]
INFO: [ app_begin ] --END-- [ RunTime:0.000408s ]
SQL: SHOW COLUMNS FROM `yxblog_admin_user` [ RunTime:0.0334s ]
SQL: UPDATE `yxblog_admin_user` SET `exa_juris`='1,2,8,9,3,12,14,18,46,47,48,49' WHERE `id` = 19 [ RunTime:0.0574s ]
INFO: [ app_end ] --START--
INFO: Run Behavior\ShowPageTraceBehavior [ RunTime:0.000719s ]
INFO: [ app_end ] --END-- [ RunTime:0.000751s ]

[ 2017-09-27T17:52:53+08:00 ] 127.0.0.1 /Admin/index/adminUserManage.html
INFO: [ app_init ] --START--
INFO: Run Behavior\BuildLiteBehavior [ RunTime:0.000009s ]
INFO: [ app_init ] --END-- [ RunTime:0.000322s ]
INFO: [ app_begin ] --START--
INFO: Run Behavior\ReadHtmlCacheBehavior [ RunTime:0.000461s ]
INFO: [ app_begin ] --END-- [ RunTime:0.000488s ]
SQL: SHOW COLUMNS FROM `yxblog_admin_user_record` [ RunTime:0.0198s ]
SQL: SELECT `session` FROM `yxblog_admin_user_record` WHERE `uid` = 1 LIMIT 1   [ RunTime:0.0217s ]
SQL: SHOW COLUMNS FROM `yxblog_admin_user` [ RunTime:0.0209s ]
NOTIC: [8] Undefined variable: data C:\code\Apache24\docs\dataex\Application\Admin\Controller\AdminUserController.class.php 第 105 行.
SQL: SELECT `id`,`user`,`user_name` FROM `yxblog_admin_user` ORDER BY id DESC LIMIT 0,10   [ RunTime:0.0185s ]
NOTIC: [8] Undefined variable: admin_user_data C:\code\Apache24\docs\dataex\Application\Admin\Controller\IndexController.class.php 第 350 行.
SQL: SELECT COUNT(*) AS tp_count FROM `yxblog_admin_user` LIMIT 1   [ RunTime:0.0206s ]
INFO: [ view_parse ] --START--
INFO: [ template_filter ] --START--
INFO: Run Behavior\ContentReplaceBehavior [ RunTime:0.000041s ]
INFO: [ template_filter ] --END-- [ RunTime:0.000066s ]
INFO: Run Behavior\ParseTemplateBehavior [ RunTime:0.004603s ]
INFO: [ view_parse ] --END-- [ RunTime:0.004631s ]
INFO: [ view_filter ] --START--
INFO: Run Behavior\WriteHtmlCacheBehavior [ RunTime:0.000254s ]
INFO: [ view_filter ] --END-- [ RunTime:0.000274s ]
INFO: [ app_end ] --START--
INFO: Run Behavior\ShowPageTraceBehavior [ RunTime:0.000434s ]
INFO: [ app_end ] --END-- [ RunTime:0.000453s ]

[ 2017-09-27T17:52:53+08:00 ] 127.0.0.1 /Admin/index/adminUserAdd.html
INFO: [ app_init ] --START--
INFO: Run Behavior\BuildLiteBehavior [ RunTime:0.000007s ]
INFO: [ app_init ] --END-- [ RunTime:0.000297s ]
INFO: [ app_begin ] --START--
INFO: Run Behavior\ReadHtmlCacheBehavior [ RunTime:0.000621s ]
INFO: [ app_begin ] --END-- [ RunTime:0.000661s ]
INFO: [ view_parse ] --START--
INFO: [ template_filter ] --START--
INFO: Run Behavior\ContentReplaceBehavior [ RunTime:0.000031s ]
INFO: [ template_filter ] --END-- [ RunTime:0.000098s ]
INFO: Run Behavior\ParseTemplateBehavior [ RunTime:0.004774s ]
INFO: [ view_parse ] --END-- [ RunTime:0.004819s ]
INFO: [ view_filter ] --START--
INFO: Run Behavior\WriteHtmlCacheBehavior [ RunTime:0.000395s ]
INFO: [ view_filter ] --END-- [ RunTime:0.000422s ]
INFO: [ app_end ] --START--
INFO: Run Behavior\ShowPageTraceBehavior [ RunTime:0.000726s ]
INFO: [ app_end ] --END-- [ RunTime:0.000752s ]

[ 2017-09-27T17:52:54+08:00 ] 127.0.0.1 /Admin/index/adminUserManage.html
INFO: [ app_init ] --START--
INFO: Run Behavior\BuildLiteBehavior [ RunTime:0.000026s ]
INFO: [ app_init ] --END-- [ RunTime:0.000645s ]
INFO: [ app_begin ] --START--
INFO: Run Behavior\ReadHtmlCacheBehavior [ RunTime:0.000752s ]
INFO: [ app_begin ] --END-- [ RunTime:0.000811s ]
SQL: SHOW COLUMNS FROM `yxblog_admin_user_record` [ RunTime:0.0270s ]
SQL: SELECT `session` FROM `yxblog_admin_user_record` WHERE `uid` = 1 LIMIT 1   [ RunTime:0.0262s ]
SQL: SHOW COLUMNS FROM `yxblog_admin_user` [ RunTime:0.0277s ]
NOTIC: [8] Undefined variable: data C:\code\Apache24\docs\dataex\Application\Admin\Controller\AdminUserController.class.php 第 105 行.
SQL: SELECT `id`,`user`,`user_name` FROM `yxblog_admin_user` ORDER BY id DESC LIMIT 0,10   [ RunTime:0.2621s ]
NOTIC: [8] Undefined variable: admin_user_data C:\code\Apache24\docs\dataex\Application\Admin\Controller\IndexController.class.php 第 350 行.
SQL: SELECT COUNT(*) AS tp_count FROM `yxblog_admin_user` LIMIT 1   [ RunTime:0.0245s ]
INFO: [ view_parse ] --START--
INFO: [ template_filter ] --START--
INFO: Run Behavior\ContentReplaceBehavior [ RunTime:0.000037s ]
INFO: [ template_filter ] --END-- [ RunTime:0.000066s ]
INFO: Run Behavior\ParseTemplateBehavior [ RunTime:0.006495s ]
INFO: [ view_parse ] --END-- [ RunTime:0.006533s ]
INFO: [ view_filter ] --START--
INFO: Run Behavior\WriteHtmlCacheBehavior [ RunTime:0.000279s ]
INFO: [ view_filter ] --END-- [ RunTime:0.000299s ]
INFO: [ app_end ] --START--
INFO: Run Behavior\ShowPageTraceBehavior [ RunTime:0.000434s ]
INFO: [ app_end ] --END-- [ RunTime:0.000452s ]

