[ 2017-09-26T15:15:06+08:00 ] 127.0.0.1 /
INFO: [ app_init ] --START--
INFO: Run Behavior\BuildLiteBehavior [ RunTime:0.000015s ]
INFO: [ app_init ] --END-- [ RunTime:0.000542s ]
INFO: [ app_begin ] --START--
INFO: Run Behavior\ReadHtmlCacheBehavior [ RunTime:0.000755s ]
INFO: [ app_begin ] --END-- [ RunTime:0.000797s ]
NOTIC: [8] Undefined index: AdminUserInfo C:\code\Apache24\docs\dataex\Application\Admin\Controller\AdminUserController.class.php 第 35 行.
INFO: [ view_parse ] --START--
INFO: [ template_filter ] --START--
INFO: Run Behavior\ContentReplaceBehavior [ RunTime:0.000029s ]
INFO: [ template_filter ] --END-- [ RunTime:0.000098s ]
INFO: Run Behavior\ParseTemplateBehavior [ RunTime:0.008896s ]
INFO: [ view_parse ] --END-- [ RunTime:0.008933s ]
INFO: [ view_filter ] --START--
INFO: Run Behavior\WriteHtmlCacheBehavior [ RunTime:0.000481s ]
INFO: [ view_filter ] --END-- [ RunTime:0.000511s ]

[ 2017-09-26T15:15:07+08:00 ] 127.0.0.1 /Admin/index/login.html
INFO: [ app_init ] --START--
INFO: Run Behavior\BuildLiteBehavior [ RunTime:0.000015s ]
INFO: [ app_init ] --END-- [ RunTime:0.000665s ]
INFO: [ app_begin ] --START--
INFO: Run Behavior\ReadHtmlCacheBehavior [ RunTime:0.000983s ]
INFO: [ app_begin ] --END-- [ RunTime:0.001050s ]
INFO: [ view_parse ] --START--
INFO: [ template_filter ] --START--
INFO: Run Behavior\ContentReplaceBehavior [ RunTime:0.000058s ]
INFO: [ template_filter ] --END-- [ RunTime:0.000098s ]
INFO: Run Behavior\ParseTemplateBehavior [ RunTime:0.005684s ]
INFO: [ view_parse ] --END-- [ RunTime:0.005726s ]
INFO: [ view_filter ] --START--
INFO: Run Behavior\WriteHtmlCacheBehavior [ RunTime:0.000292s ]
INFO: [ view_filter ] --END-- [ RunTime:0.000315s ]
INFO: [ app_end ] --START--
INFO: Run Behavior\ShowPageTraceBehavior [ RunTime:0.000621s ]
INFO: [ app_end ] --END-- [ RunTime:0.000645s ]

[ 2017-09-26T15:15:07+08:00 ] 127.0.0.1 /Admin/index/getVerify.html
INFO: [ app_init ] --START--
INFO: Run Behavior\BuildLiteBehavior [ RunTime:0.000012s ]
INFO: [ app_init ] --END-- [ RunTime:0.000548s ]
INFO: [ app_begin ] --START--
INFO: Run Behavior\ReadHtmlCacheBehavior [ RunTime:0.003906s ]
INFO: [ app_begin ] --END-- [ RunTime:0.003984s ]
INFO: [ app_end ] --START--
INFO: Run Behavior\ShowPageTraceBehavior [ RunTime:0.000871s ]
INFO: [ app_end ] --END-- [ RunTime:0.000917s ]

